0x431a80 <xActiveTimerList2>:	0x00000000
$1 = 40
0x431a40 <xActiveTimerList1>:	0x00000000
$2 = 40
0x432668 <uxBlockingCycles>:	0x00000000
$3 = 40
0x432670 <uxPollingCycles>:	0x00000000
$4 = 40
0x432660 <uxControllingCycles>:	0x00000000
$5 = 40
0x432658 <xBlockingIsSuspended>:	0x00000000
$6 = 40
0x432650 <xControllingIsSuspended>:	0x00000000
$7 = 40
0x432648 <xErrorOccurred>:	0x00000000
$8 = 40
0x431fd0 <xSchedulerEnd>:	0x00000000
$9 = 40
0x431fc0 <hMainThread>:	0x00000000
$10 = 40
0x431ec0 <xAllSignals>:	0x00000000
$11 = 40
0x431e40 <xResumeSignals>:	0x00000000
$12 = 40
0x431780 <pxReadyTasksLists>:	0x00000000
$13 = 40
0x4318a0 <xDelayedTaskList1>:	0x00000000
$14 = 40
0x4318e0 <xDelayedTaskList2>:	0x00000000
$15 = 40
0x431920 <xPendingReadyList>:	0x00000000
$16 = 40
0x4319a0 <xSuspendedTaskList>:	0x00000000
$17 = 40
0x431960 <xTasksWaitingTermination>:	0x00000000
$18 = 40
0x4319c8 <uxCurrentNumberOfTasks>:	0x00000000
$19 = 40
0x4319d8 <uxTopReadyPriority>:	0x00000000
$20 = 40
0x4319d0 <xTickCount>:	0x00000000
$21 = 40
0x4319e8 <xPendedTicks>:	0x00000000
$22 = 40
0x4319f0 <xYieldPending>:	0x00000000
$23 = 40
0x431a18 <uxSchedulerSuspended>:	0x00000000
$24 = 40
0x431a08 <xNextTaskUnblockTime>:	0x00000000
$25 = 40
0x4319e0 <xSchedulerRunning>:	0x00000000
$26 = 40
0x431a00 <uxTaskNumber>:	0x00000000
$27 = 40
0x431ac0 <xTimerTaskHandle>:	0x00000000
$28 = 176
0x431ab8 <xTimerQueue>:	0x00000000
$29 = 176
0x431ab0 <pxOverflowTimerList>:	0x00000000
$30 = 176
0x431aa8 <pxCurrentTimerList>:	0x00000000
$31 = 176
0x432680 <xBlockingTaskHandle>:	0x00000000
$32 = 176
0x432678 <xControllingTaskHandle>:	0x00000000
$33 = 176
0x432640 <xMutex>:	0x00000000
$34 = 176
0x431760 <pxCurrentTCB>:	0x00000000
$35 = 176
0x431908 <pxDelayedTaskList>:	0x00000000
$36 = 176
0x431a10 <xIdleTaskHandle>:	0x00000000
$37 = 176
0x4316d0 <xQueue>:	0x00000000
$38 = 176
0x4316d8 <xTimer>:	0x00000000
$39 = 176
